# JRE version: Java(TM) SE Runtime Environment (8.0_31-b13) (build 1.8.0_31-b13)
# Java VM: Java HotSpot(TM) 64-Bit Server VM (25.31-b07 mixed mode windows-amd64 compressed oops)
Heap:
 PSYoungGen      total 47104K, used 30361K [0x00000000eab00000, 0x00000000edc80000, 0x0000000100000000)
  eden space 43520K, 61% used [0x00000000eab00000,0x00000000ec52c158,0x00000000ed580000)
  from space 3584K, 99% used [0x00000000ed580000,0x00000000ed8fa5b8,0x00000000ed900000)
  to   space 3584K, 0% used [0x00000000ed900000,0x00000000ed900000,0x00000000edc80000)
 ParOldGen       total 35328K, used 15528K [0x00000000c0000000, 0x00000000c2280000, 0x00000000eab00000)
  object space 35328K, 43% used [0x00000000c0000000,0x00000000c0f2a210,0x00000000c2280000)
 Metaspace       used 6323K, capacity 7216K, committed 7296K, reserved 1060864K
  class space    used 596K, capacity 616K, committed 640K, reserved 1048576K
GC Heap History (10 events):
Event: 2.039 GC heap before
{Heap before GC invocations=2 (full 1):
 PSYoungGen      total 28160K, used 528K [0x00000000eab00000, 0x00000000eca00000, 0x0000000100000000)
  eden space 24576K, 0% used [0x00000000eab00000,0x00000000eab00000,0x00000000ec300000)
  from space 3584K, 14% used [0x00000000ec300000,0x00000000ec384010,0x00000000ec680000)
  to   space 3584K, 0% used [0x00000000ec680000,0x00000000ec680000,0x00000000eca00000)
 ParOldGen       total 64512K, used 8K [0x00000000c0000000, 0x00000000c3f00000, 0x00000000eab00000)
  object space 64512K, 0% used [0x00000000c0000000,0x00000000c0002000,0x00000000c3f00000)
 Metaspace       used 2797K, capacity 4484K, committed 4736K, reserved 1060864K
  class space    used 301K, capacity 384K, committed 384K, reserved 1048576K
Event: 2.069 GC heap after
Heap after GC invocations=2 (full 1):
 PSYoungGen      total 28160K, used 0K [0x00000000eab00000, 0x00000000eca00000, 0x0000000100000000)
  eden space 24576K, 0% used [0x00000000eab00000,0x00000000eab00000,0x00000000ec300000)
  from space 3584K, 0% used [0x00000000ec300000,0x00000000ec300000,0x00000000ec680000)
  to   space 3584K, 0% used [0x00000000ec680000,0x00000000ec680000,0x00000000eca00000)
 ParOldGen       total 35328K, used 461K [0x00000000c0000000, 0x00000000c2280000, 0x00000000eab00000)
  object space 35328K, 1% used [0x00000000c0000000,0x00000000c00735e8,0x00000000c2280000)
 Metaspace       used 2797K, capacity 4484K, committed 4736K, reserved 1058816K
  class space    used 301K, capacity 384K, committed 384K, reserved 1048576K
}
Event: 2.941 GC heap before
{Heap before GC invocations=3 (full 1):
 PSYoungGen      total 28160K, used 24576K [0x00000000eab00000, 0x00000000eca00000, 0x0000000100000000)
  eden space 24576K, 100% used [0x00000000eab00000,0x00000000ec300000,0x00000000ec300000)
  from space 3584K, 0% used [0x00000000ec300000,0x00000000ec300000,0x00000000ec680000)
  to   space 3584K, 0% used [0x00000000ec680000,0x00000000ec680000,0x00000000eca00000)
 ParOldGen       total 35328K, used 461K [0x00000000c0000000, 0x00000000c2280000, 0x00000000eab00000)
  object space 35328K, 1% used [0x00000000c0000000,0x00000000c00735e8,0x00000000c2280000)
 Metaspace       used 5853K, capacity 6832K, committed 7040K, reserved 1060864K
  class space    used 585K, capacity 616K, committed 640K, reserved 1048576K
Event: 2.949 GC heap after
Heap after GC invocations=3 (full 1):
 PSYoungGen      total 28160K, used 3563K [0x00000000eab00000, 0x00000000ed600000, 0x0000000100000000)
  eden space 24576K, 0% used [0x00000000eab00000,0x00000000eab00000,0x00000000ec300000)
  from space 3584K, 99% used [0x00000000ec680000,0x00000000ec9fad50,0x00000000eca00000)
  to   space 3584K, 0% used [0x00000000ec300000,0x00000000ec300000,0x00000000ec680000)
 ParOldGen       total 35328K, used 1679K [0x00000000c0000000, 0x00000000c2280000, 0x00000000eab00000)
  object space 35328K, 4% used [0x00000000c0000000,0x00000000c01a3fe0,0x00000000c2280000)
 Metaspace       used 5853K, capacity 6832K, committed 7040K, reserved 1060864K
  class space    used 585K, capacity 616K, committed 640K, reserved 1048576K
}
Event: 3.397 GC heap before
{Heap before GC invocations=4 (full 1):
 PSYoungGen      total 28160K, used 28139K [0x00000000eab00000, 0x00000000ed600000, 0x0000000100000000)
  eden space 24576K, 100% used [0x00000000eab00000,0x00000000ec300000,0x00000000ec300000)
  from space 3584K, 99% used [0x00000000ec680000,0x00000000ec9fad50,0x00000000eca00000)
  to   space 3584K, 0% used [0x00000000ec300000,0x00000000ec300000,0x00000000ec680000)
 ParOldGen       total 35328K, used 1679K [0x00000000c0000000, 0x00000000c2280000, 0x00000000eab00000)
  object space 35328K, 4% used [0x00000000c0000000,0x00000000c01a3fe0,0x00000000c2280000)
 Metaspace       used 6086K, capacity 7024K, committed 7296K, reserved 1060864K
  class space    used 589K, capacity 616K, committed 640K, reserved 1048576K
Event: 3.452 GC heap after
Heap after GC invocations=4 (full 1):
 PSYoungGen      total 28160K, used 3562K [0x00000000eab00000, 0x00000000edc80000, 0x0000000100000000)
  eden space 24576K, 0% used [0x00000000eab00000,0x00000000eab00000,0x00000000ec300000)
  from space 3584K, 99% used [0x00000000ec300000,0x00000000ec67a9e8,0x00000000ec680000)
  to   space 3584K, 0% used [0x00000000ed900000,0x00000000ed900000,0x00000000edc80000)
 ParOldGen       total 35328K, used 5146K [0x00000000c0000000, 0x00000000c2280000, 0x00000000eab00000)
  object space 35328K, 14% used [0x00000000c0000000,0x00000000c05069d0,0x00000000c2280000)
 Metaspace       used 6086K, capacity 7024K, committed 7296K, reserved 1060864K
  class space    used 589K, capacity 616K, committed 640K, reserved 1048576K
}
Event: 3.867 GC heap before
{Heap before GC invocations=5 (full 1):
 PSYoungGen      total 28160K, used 28138K [0x00000000eab00000, 0x00000000edc80000, 0x0000000100000000)
  eden space 24576K, 100% used [0x00000000eab00000,0x00000000ec300000,0x00000000ec300000)
  from space 3584K, 99% used [0x00000000ec300000,0x00000000ec67a9e8,0x00000000ec680000)
  to   space 3584K, 0% used [0x00000000ed900000,0x00000000ed900000,0x00000000edc80000)
 ParOldGen       total 35328K, used 5146K [0x00000000c0000000, 0x00000000c2280000, 0x00000000eab00000)
  object space 35328K, 14% used [0x00000000c0000000,0x00000000c05069d0,0x00000000c2280000)
 Metaspace       used 6164K, capacity 7088K, committed 7296K, reserved 1060864K
  class space    used 589K, capacity 616K, committed 640K, reserved 1048576K
Event: 3.893 GC heap after
Heap after GC invocations=5 (full 1):
 PSYoungGen      total 47104K, used 3560K [0x00000000eab00000, 0x00000000edc80000, 0x0000000100000000)
  eden space 43520K, 0% used [0x00000000eab00000,0x00000000eab00000,0x00000000ed580000)
  from space 3584K, 99% used [0x00000000ed900000,0x00000000edc7a090,0x00000000edc80000)
  to   space 3584K, 0% used [0x00000000ed580000,0x00000000ed580000,0x00000000ed900000)
 ParOldGen       total 35328K, used 8819K [0x00000000c0000000, 0x00000000c2280000, 0x00000000eab00000)
  object space 35328K, 24% used [0x00000000c0000000,0x00000000c089cfc8,0x00000000c2280000)
 Metaspace       used 6164K, capacity 7088K, committed 7296K, reserved 1060864K
  class space    used 589K, capacity 616K, committed 640K, reserved 1048576K
}
Event: 4.638 GC heap before
{Heap before GC invocations=6 (full 1):
 PSYoungGen      total 47104K, used 47080K [0x00000000eab00000, 0x00000000edc80000, 0x0000000100000000)
  eden space 43520K, 100% used [0x00000000eab00000,0x00000000ed580000,0x00000000ed580000)
  from space 3584K, 99% used [0x00000000ed900000,0x00000000edc7a090,0x00000000edc80000)
  to   space 3584K, 0% used [0x00000000ed580000,0x00000000ed580000,0x00000000ed900000)
 ParOldGen       total 35328K, used 8819K [0x00000000c0000000, 0x00000000c2280000, 0x00000000eab00000)
  object space 35328K, 24% used [0x00000000c0000000,0x00000000c089cfc8,0x00000000c2280000)
 Metaspace       used 6217K, capacity 7152K, committed 7296K, reserved 1060864K
  class space    used 589K, capacity 616K, committed 640K, reserved 1048576K
Event: 4.783 GC heap after
Heap after GC invocations=6 (full 1):
 PSYoungGen      total 47104K, used 3561K [0x00000000eab00000, 0x00000000edc80000, 0x0000000100000000)
  eden space 43520K, 0% used [0x00000000eab00000,0x00000000eab00000,0x00000000ed580000)
  from space 3584K, 99% used [0x00000000ed580000,0x00000000ed8fa5b8,0x00000000ed900000)
  to   space 3584K, 0% used [0x00000000ed900000,0x00000000ed900000,0x00000000edc80000)
 ParOldGen       total 35328K, used 15528K [0x00000000c0000000, 0x00000000c2280000, 0x00000000eab00000)
  object space 35328K, 43% used [0x00000000c0000000,0x00000000c0f2a210,0x00000000c2280000)
 Metaspace       used 6217K, capacity 7152K, committed 7296K, reserved 1060864K
  class space    used 589K, capacity 616K, committed 640K, reserved 1048576K
}

